<?xml version="1.0" encoding="UTF-8"?>
<!-- Generated by org.testng.reporters.JUnitReportReporter -->
<testsuite name="sampleTest.SampleTestTest" tests="1" time="11.114" ignored="0" failures="0" timestamp="12 Oct 2021 14:32:55 GMT" skipped="0" hostname="DESKTOP-U6Q9BG0" errors="0">
  <testcase name="loginTest" time="11.114" classname="sampleTest.SampleTestTest"/>
</testsuite> <!-- sampleTest.SampleTestTest -->
